Determining if the pthread_create exist failed with the following output:
Change Dir: /home/vkrobot/VK_Classification_GPU/cpp/src/build/CMakeFiles/CMakeTmp

Run Build Command:"/usr/bin/make" "cmTC_81057/fast"
/usr/bin/make -f CMakeFiles/cmTC_81057.dir/build.make CMakeFiles/cmTC_81057.dir/build
make[1]: Entering directory '/home/vkrobot/VK_Classification_GPU/cpp/src/build/CMakeFiles/CMakeTmp'
Building C object CMakeFiles/cmTC_81057.dir/CheckSymbolExists.c.o
/usr/bin/cc    -o CMakeFiles/cmTC_81057.dir/CheckSymbolExists.c.o   -c /home/vkrobot/VK_Classification_GPU/cpp/src/build/CMakeFiles/CMakeTmp/CheckSymbolExists.c
Linking C executable cmTC_81057
/usr/bin/cmake -E cmake_link_script CMakeFiles/cmTC_81057.dir/link.txt --verbose=1
/usr/bin/cc      -rdynamic CMakeFiles/cmTC_81057.dir/CheckSymbolExists.c.o  -o cmTC_81057 
CMakeFiles/cmTC_81057.dir/CheckSymbolExists.c.o: In function `main':
CheckSymbolExists.c:(.text+0x14): undefined reference to `pthread_create'
CheckSymbolExists.c:(.text+0x18): undefined reference to `pthread_create'
collect2: error: ld returned 1 exit status
CMakeFiles/cmTC_81057.dir/build.make:97: recipe for target 'cmTC_81057' failed
make[1]: *** [cmTC_81057] Error 1
make[1]: Leaving directory '/home/vkrobot/VK_Classification_GPU/cpp/src/build/CMakeFiles/CMakeTmp'
Makefile:126: recipe for target 'cmTC_81057/fast' failed
make: *** [cmTC_81057/fast] Error 2

File /home/vkrobot/VK_Classification_GPU/cpp/src/build/CMakeFiles/CMakeTmp/CheckSymbolExists.c:
/* */
#include <pthread.h>

int main(int argc, char** argv)
{
  (void)argv;
#ifndef pthread_create
  return ((int*)(&pthread_create))[argc];
#else
  (void)argc;
  return 0;
#endif
}

Determining if the function pthread_create exists in the pthreads failed with the following output:
Change Dir: /home/vkrobot/VK_Classification_GPU/cpp/src/build/CMakeFiles/CMakeTmp

Run Build Command:"/usr/bin/make" "cmTC_ae637/fast"
/usr/bin/make -f CMakeFiles/cmTC_ae637.dir/build.make CMakeFiles/cmTC_ae637.dir/build
make[1]: Entering directory '/home/vkrobot/VK_Classification_GPU/cpp/src/build/CMakeFiles/CMakeTmp'
Building C object CMakeFiles/cmTC_ae637.dir/CheckFunctionExists.c.o
/usr/bin/cc   -DCHECK_FUNCTION_EXISTS=pthread_create   -o CMakeFiles/cmTC_ae637.dir/CheckFunctionExists.c.o   -c /usr/share/cmake-3.10/Modules/CheckFunctionExists.c
Linking C executable cmTC_ae637
/usr/bin/cmake -E cmake_link_script CMakeFiles/cmTC_ae637.dir/link.txt --verbose=1
/usr/bin/cc  -DCHECK_FUNCTION_EXISTS=pthread_create    -rdynamic CMakeFiles/cmTC_ae637.dir/CheckFunctionExists.c.o  -o cmTC_ae637 -lpthreads 
/usr/bin/ld: cannot find -lpthreads
collect2: error: ld returned 1 exit status
CMakeFiles/cmTC_ae637.dir/build.make:97: recipe for target 'cmTC_ae637' failed
make[1]: *** [cmTC_ae637] Error 1
make[1]: Leaving directory '/home/vkrobot/VK_Classification_GPU/cpp/src/build/CMakeFiles/CMakeTmp'
Makefile:126: recipe for target 'cmTC_ae637/fast' failed
make: *** [cmTC_ae637/fast] Error 2


